<?xml version="1.0" encoding="UTF-8"?>
<!-- Generated by org.testng.reporters.JUnitReportReporter -->
<testsuite hostname="DESKTOP-8FVIUIV" failures="0" tests="1" name="CucumberOptions.TestngRunner" time="0.056" errors="0" timestamp="2022-04-25T14:32:21 EDT" skipped="0">
  <testcase classname="CucumberOptions.TestngRunner" name="runScenario" time="0.056"/>
  <system-out/>
</testsuite> <!-- CucumberOptions.TestngRunner -->
